[debug] [2019-03-13T17:23:38.506Z] ----------------------------------------------------------------------
[debug] [2019-03-13T17:23:38.506Z] Command:       C:\Program Files\nodejs\node.exe C:\Users\I_am_\AppData\Roaming\npm\node_modules\firebase-tools\bin\firebase serve
[debug] [2019-03-13T17:23:38.513Z] CLI Version:   4.2.1
[debug] [2019-03-13T17:23:38.513Z] Platform:      win32
[debug] [2019-03-13T17:23:38.513Z] Node Version:  v8.12.0
[debug] [2019-03-13T17:23:38.513Z] Time:          Wed Mar 13 2019 22:53:38 GMT+0530 (India Standard Time)
[debug] [2019-03-13T17:23:38.513Z] ----------------------------------------------------------------------
[debug] 
[debug] [2019-03-13T17:23:38.513Z] > command requires scopes: ["email","openid","https://www.googleapis.com/auth/cloudplatformprojects.readonly","https://www.googleapis.com/auth/firebase","https://www.googleapis.com/auth/cloud-platform"]
[debug] [2019-03-13T17:23:38.513Z] > authorizing via signed-in user
[debug] [2019-03-13T17:23:38.531Z] > refreshing access token with scopes: ["email","https://www.googleapis.com/auth/cloud-platform","https://www.googleapis.com/auth/cloudplatformprojects.readonly","https://www.googleapis.com/auth/firebase","openid"]
[debug] [2019-03-13T17:23:38.532Z] >>> HTTP REQUEST POST https://www.googleapis.com/oauth2/v3/token  

[debug] [2019-03-13T17:23:39.730Z] <<< HTTP RESPONSE 200
[debug] [2019-03-13T17:23:39.762Z] >>> HTTP REQUEST GET https://admin.firebase.com/v1/projects/fundhiker-a25c5  
 
[debug] [2019-03-13T17:23:42.435Z] <<< HTTP RESPONSE 200
[debug] [2019-03-13T17:23:42.435Z] >>> HTTP REQUEST GET https://cloudresourcemanager.googleapis.com/v1/projects/fundhiker-a25c5  
 
[debug] [2019-03-13T17:23:45.125Z] <<< HTTP RESPONSE 200
[info] 
[info] === Serving from 'C:\Users\I_am_\Desktop\MajorProject\AdminFundHiker'...
[info] 
[info] i  functions: Preparing to emulate functions.
[debug] [2019-03-13T17:23:46.268Z] Fetching environment
[debug] [2019-03-13T17:23:46.268Z] >>> HTTP REQUEST GET https://mobilesdk-pa.googleapis.com/v1/projects/520161518302:getServerAppConfig  
 
[debug] [2019-03-13T17:23:46.268Z] >>> HTTP REQUEST GET https://mobilesdk-pa.googleapis.com/v1/projects/520161518302/clients/_:getWebAppConfig  
 
[debug] [2019-03-13T17:23:47.823Z] <<< HTTP RESPONSE 200
[debug] [2019-03-13T17:23:47.823Z] Starting @google-cloud/functions-emulator
[debug] [2019-03-13T17:23:47.967Z] <<< HTTP RESPONSE 200
[info] i  hosting[fundhiker-a25c5]: Serving hosting files from: public
[info] +  hosting[fundhiker-a25c5]: Local server: http://localhost:5000
[debug] [2019-03-13T17:23:50.435Z] Parsing function triggers
[info] i  functions: No HTTPS functions found. Use firebase functions:shell if you would like to emulate other types of functions.
[debug] [2019-03-15T07:52:01.257Z] ----------------------------------------------------------------------
[debug] [2019-03-15T07:52:01.261Z] Command:       C:\Program Files\nodejs\node.exe C:\Users\I_am_\AppData\Roaming\npm\node_modules\firebase-tools\bin\firebase serve
[debug] [2019-03-15T07:52:01.261Z] CLI Version:   4.2.1
[debug] [2019-03-15T07:52:01.261Z] Platform:      win32
[debug] [2019-03-15T07:52:01.261Z] Node Version:  v8.12.0
[debug] [2019-03-15T07:52:01.262Z] Time:          Fri Mar 15 2019 13:22:01 GMT+0530 (India Standard Time)
[debug] [2019-03-15T07:52:01.262Z] ----------------------------------------------------------------------
[debug] 
[debug] [2019-03-15T07:52:01.340Z] > command requires scopes: ["email","openid","https://www.googleapis.com/auth/cloudplatformprojects.readonly","https://www.googleapis.com/auth/firebase","https://www.googleapis.com/auth/cloud-platform"]
[debug] [2019-03-15T07:52:01.346Z] > authorizing via signed-in user
[debug] [2019-03-15T07:52:01.347Z] > refreshing access token with scopes: ["email","https://www.googleapis.com/auth/cloud-platform","https://www.googleapis.com/auth/cloudplatformprojects.readonly","https://www.googleapis.com/auth/firebase","openid"]
[debug] [2019-03-15T07:52:01.347Z] >>> HTTP REQUEST POST https://www.googleapis.com/oauth2/v3/token  

[debug] [2019-03-15T07:52:01.879Z] <<< HTTP RESPONSE 200
[debug] [2019-03-15T07:52:01.929Z] >>> HTTP REQUEST GET https://admin.firebase.com/v1/projects/fundhiker-a25c5  
 
[debug] [2019-03-15T07:52:05.451Z] <<< HTTP RESPONSE 200
[debug] [2019-03-15T07:52:05.454Z] >>> HTTP REQUEST GET https://cloudresourcemanager.googleapis.com/v1/projects/fundhiker-a25c5  
 
[debug] [2019-03-15T07:52:07.454Z] <<< HTTP RESPONSE 200
[info] 
[info] === Serving from 'C:\Users\I_am_\Desktop\MajorProject\AdminFundHiker'...
[info] 
[info] i  functions: Preparing to emulate functions.
[debug] [2019-03-15T07:52:14.302Z] Fetching environment
[debug] [2019-03-15T07:52:14.306Z] >>> HTTP REQUEST GET https://mobilesdk-pa.googleapis.com/v1/projects/520161518302:getServerAppConfig  
 
[debug] [2019-03-15T07:52:14.310Z] >>> HTTP REQUEST GET https://mobilesdk-pa.googleapis.com/v1/projects/520161518302/clients/_:getWebAppConfig  
 
[debug] [2019-03-15T07:52:14.908Z] <<< HTTP RESPONSE 200
[debug] [2019-03-15T07:52:14.909Z] Starting @google-cloud/functions-emulator
[debug] [2019-03-15T07:52:15.306Z] <<< HTTP RESPONSE 200
[info] i  hosting[fundhiker-a25c5]: Serving hosting files from: public
[info] +  hosting[fundhiker-a25c5]: Local server: http://localhost:5000
[debug] [2019-03-15T07:52:21.141Z] Parsing function triggers
[info] i  functions: No HTTPS functions found. Use firebase functions:shell if you would like to emulate other types of functions.
